<?xml version="1.0" encoding="UTF-8"?>
<!-- Generated by org.testng.reporters.JUnitReportReporter -->
<testsuite hostname="DESKTOP-6NFMK29" failures="0" tests="1" name="RestTesting.Ecommerce" time="8.177" errors="0" timestamp="16 Mar 2022 04:57:51 GMT">
  <testcase classname="RestTesting.Ecommerce" name="Login" time="8.177"/>
</testsuite> <!-- RestTesting.Ecommerce -->
