<?xml version="1.0" encoding="UTF-8"?>
<!-- Generated by org.testng.reporters.JUnitReportReporter -->
<testsuite hostname="DESKTOP-6NFMK29" failures="0" tests="2" name="RestTesting.TestNG" time="0.010" errors="0" timestamp="14 Mar 2022 11:15:17 GMT">
  <testcase classname="RestTesting.TestNG" name="TestCase2" time="0.004"/>
  <testcase classname="RestTesting.TestNG" name="TestCase1" time="0.006"/>
</testsuite> <!-- RestTesting.TestNG -->
